<?xml version="1.0" encoding="UTF-8"?>
<testsuite xmlns:xsi="http://www.w3.org/2001/XMLSchema-instance" xsi:noNamespaceSchemaLocation="https://maven.apache.org/surefire/maven-surefire-plugin/xsd/surefire-test-report.xsd" name="edu.northeastern.cs5200.Cs5200Spring2020BaoApplicationTests" time="10.308" tests="1" errors="0" skipped="0" failures="0">
  <properties>
    <property name="java.specification.version" value="13"/>
    <property name="sun.cpu.isalist" value="amd64"/>
    <property name="sun.jnu.encoding" value="Cp1252"/>
    <property name="java.class.path" value="D:\Idea\DatabaseWarehouse\cs5200-spring2020-bao\target\test-classes;D:\Idea\DatabaseWarehouse\cs5200-spring2020-bao\target\classes;D:\Maven\localWarehouse\org\springframework\boot\spring-boot-starter-web\2.2.4.RELEASE\spring-boot-starter-web-2.2.4.RELEASE.jar;D:\Maven\localWarehouse\org\springframework\boot\spring-boot-starter\2.2.4.RELEASE\spring-boot-starter-2.2.4.RELEASE.jar;D:\Maven\localWarehouse\org\springframework\boot\spring-boot\2.2.4.RELEASE\spring-boot-2.2.4.RELEASE.jar;D:\Maven\localWarehouse\org\springframework\boot\spring-boot-autoconfigure\2.2.4.RELEASE\spring-boot-autoconfigure-2.2.4.RELEASE.jar;D:\Maven\localWarehouse\org\springframework\boot\spring-boot-starter-logging\2.2.4.RELEASE\spring-boot-starter-logging-2.2.4.RELEASE.jar;D:\Maven\localWarehouse\ch\qos\logback\logback-classic\1.2.3\logback-classic-1.2.3.jar;D:\Maven\localWarehouse\ch\qos\logback\logback-core\1.2.3\logback-core-1.2.3.jar;D:\Maven\localWarehouse\org\apache\logging\log4j\log4j-to-slf4j\2.12.1\log4j-to-slf4j-2.12.1.jar;D:\Maven\localWarehouse\org\apache\logging\log4j\log4j-api\2.12.1\log4j-api-2.12.1.jar;D:\Maven\localWarehouse\org\slf4j\jul-to-slf4j\1.7.30\jul-to-slf4j-1.7.30.jar;D:\Maven\localWarehouse\org\yaml\snakeyaml\1.25\snakeyaml-1.25.jar;D:\Maven\localWarehouse\org\springframework\boot\spring-boot-starter-json\2.2.4.RELEASE\spring-boot-starter-json-2.2.4.RELEASE.jar;D:\Maven\localWarehouse\com\fasterxml\jackson\core\jackson-databind\2.10.2\jackson-databind-2.10.2.jar;D:\Maven\localWarehouse\com\fasterxml\jackson\core\jackson-annotations\2.10.2\jackson-annotations-2.10.2.jar;D:\Maven\localWarehouse\com\fasterxml\jackson\core\jackson-core\2.10.2\jackson-core-2.10.2.jar;D:\Maven\localWarehouse\com\fasterxml\jackson\datatype\jackson-datatype-jdk8\2.10.2\jackson-datatype-jdk8-2.10.2.jar;D:\Maven\localWarehouse\com\fasterxml\jackson\datatype\jackson-datatype-jsr310\2.10.2\jackson-datatype-jsr310-2.10.2.jar;D:\Maven\localWarehouse\com\fasterxml\jackson\module\jackson-module-parameter-names\2.10.2\jackson-module-parameter-names-2.10.2.jar;D:\Maven\localWarehouse\org\springframework\boot\spring-boot-starter-validation\2.2.4.RELEASE\spring-boot-starter-validation-2.2.4.RELEASE.jar;D:\Maven\localWarehouse\jakarta\validation\jakarta.validation-api\2.0.2\jakarta.validation-api-2.0.2.jar;D:\Maven\localWarehouse\org\hibernate\validator\hibernate-validator\6.0.18.Final\hibernate-validator-6.0.18.Final.jar;D:\Maven\localWarehouse\org\springframework\spring-web\5.2.3.RELEASE\spring-web-5.2.3.RELEASE.jar;D:\Maven\localWarehouse\org\springframework\spring-beans\5.2.3.RELEASE\spring-beans-5.2.3.RELEASE.jar;D:\Maven\localWarehouse\org\springframework\spring-webmvc\5.2.3.RELEASE\spring-webmvc-5.2.3.RELEASE.jar;D:\Maven\localWarehouse\org\springframework\spring-aop\5.2.3.RELEASE\spring-aop-5.2.3.RELEASE.jar;D:\Maven\localWarehouse\org\springframework\spring-context\5.2.3.RELEASE\spring-context-5.2.3.RELEASE.jar;D:\Maven\localWarehouse\org\springframework\spring-expression\5.2.3.RELEASE\spring-expression-5.2.3.RELEASE.jar;D:\Maven\localWarehouse\org\springframework\boot\spring-boot-starter-web-services\2.2.4.RELEASE\spring-boot-starter-web-services-2.2.4.RELEASE.jar;D:\Maven\localWarehouse\com\sun\xml\messaging\saaj\saaj-impl\1.5.1\saaj-impl-1.5.1.jar;D:\Maven\localWarehouse\jakarta\xml\soap\jakarta.xml.soap-api\1.4.1\jakarta.xml.soap-api-1.4.1.jar;D:\Maven\localWarehouse\org\jvnet\mimepull\mimepull\1.9.12\mimepull-1.9.12.jar;D:\Maven\localWarehouse\org\jvnet\staxex\stax-ex\1.8.1\stax-ex-1.8.1.jar;D:\Maven\localWarehouse\jakarta\xml\ws\jakarta.xml.ws-api\2.3.2\jakarta.xml.ws-api-2.3.2.jar;D:\Maven\localWarehouse\jakarta\jws\jakarta.jws-api\1.1.1\jakarta.jws-api-1.1.1.jar;D:\Maven\localWarehouse\org\springframework\spring-oxm\5.2.3.RELEASE\spring-oxm-5.2.3.RELEASE.jar;D:\Maven\localWarehouse\org\springframework\ws\spring-ws-core\3.0.8.RELEASE\spring-ws-core-3.0.8.RELEASE.jar;D:\Maven\localWarehouse\org\springframework\ws\spring-xml\3.0.8.RELEASE\spring-xml-3.0.8.RELEASE.jar;D:\Maven\localWarehouse\org\springframework\boot\spring-boot-starter-thymeleaf\2.2.4.RELEASE\spring-boot-starter-thymeleaf-2.2.4.RELEASE.jar;D:\Maven\localWarehouse\org\thymeleaf\thymeleaf-spring5\3.0.11.RELEASE\thymeleaf-spring5-3.0.11.RELEASE.jar;D:\Maven\localWarehouse\org\thymeleaf\thymeleaf\3.0.11.RELEASE\thymeleaf-3.0.11.RELEASE.jar;D:\Maven\localWarehouse\org\attoparser\attoparser\2.0.5.RELEASE\attoparser-2.0.5.RELEASE.jar;D:\Maven\localWarehouse\org\unbescape\unbescape\1.1.6.RELEASE\unbescape-1.1.6.RELEASE.jar;D:\Maven\localWarehouse\org\slf4j\slf4j-api\1.7.30\slf4j-api-1.7.30.jar;D:\Maven\localWarehouse\org\thymeleaf\extras\thymeleaf-extras-java8time\3.0.4.RELEASE\thymeleaf-extras-java8time-3.0.4.RELEASE.jar;D:\Maven\localWarehouse\org\springframework\boot\spring-boot-starter-tomcat\2.2.4.RELEASE\spring-boot-starter-tomcat-2.2.4.RELEASE.jar;D:\Maven\localWarehouse\jakarta\annotation\jakarta.annotation-api\1.3.5\jakarta.annotation-api-1.3.5.jar;D:\Maven\localWarehouse\org\apache\tomcat\embed\tomcat-embed-core\9.0.30\tomcat-embed-core-9.0.30.jar;D:\Maven\localWarehouse\org\apache\tomcat\embed\tomcat-embed-el\9.0.30\tomcat-embed-el-9.0.30.jar;D:\Maven\localWarehouse\org\apache\tomcat\embed\tomcat-embed-websocket\9.0.30\tomcat-embed-websocket-9.0.30.jar;D:\Maven\localWarehouse\org\springframework\boot\spring-boot-starter-test\2.2.4.RELEASE\spring-boot-starter-test-2.2.4.RELEASE.jar;D:\Maven\localWarehouse\org\springframework\boot\spring-boot-test\2.2.4.RELEASE\spring-boot-test-2.2.4.RELEASE.jar;D:\Maven\localWarehouse\org\springframework\boot\spring-boot-test-autoconfigure\2.2.4.RELEASE\spring-boot-test-autoconfigure-2.2.4.RELEASE.jar;D:\Maven\localWarehouse\com\jayway\jsonpath\json-path\2.4.0\json-path-2.4.0.jar;D:\Maven\localWarehouse\net\minidev\json-smart\2.3\json-smart-2.3.jar;D:\Maven\localWarehouse\net\minidev\accessors-smart\1.2\accessors-smart-1.2.jar;D:\Maven\localWarehouse\org\ow2\asm\asm\5.0.4\asm-5.0.4.jar;D:\Maven\localWarehouse\jakarta\xml\bind\jakarta.xml.bind-api\2.3.2\jakarta.xml.bind-api-2.3.2.jar;D:\Maven\localWarehouse\org\junit\jupiter\junit-jupiter\5.5.2\junit-jupiter-5.5.2.jar;D:\Maven\localWarehouse\org\junit\jupiter\junit-jupiter-api\5.5.2\junit-jupiter-api-5.5.2.jar;D:\Maven\localWarehouse\org\apiguardian\apiguardian-api\1.1.0\apiguardian-api-1.1.0.jar;D:\Maven\localWarehouse\org\opentest4j\opentest4j\1.2.0\opentest4j-1.2.0.jar;D:\Maven\localWarehouse\org\junit\platform\junit-platform-commons\1.5.2\junit-platform-commons-1.5.2.jar;D:\Maven\localWarehouse\org\junit\jupiter\junit-jupiter-params\5.5.2\junit-jupiter-params-5.5.2.jar;D:\Maven\localWarehouse\org\junit\jupiter\junit-jupiter-engine\5.5.2\junit-jupiter-engine-5.5.2.jar;D:\Maven\localWarehouse\org\junit\platform\junit-platform-engine\1.5.2\junit-platform-engine-1.5.2.jar;D:\Maven\localWarehouse\org\mockito\mockito-junit-jupiter\3.1.0\mockito-junit-jupiter-3.1.0.jar;D:\Maven\localWarehouse\org\assertj\assertj-core\3.13.2\assertj-core-3.13.2.jar;D:\Maven\localWarehouse\org\hamcrest\hamcrest\2.1\hamcrest-2.1.jar;D:\Maven\localWarehouse\org\mockito\mockito-core\3.1.0\mockito-core-3.1.0.jar;D:\Maven\localWarehouse\net\bytebuddy\byte-buddy\1.10.6\byte-buddy-1.10.6.jar;D:\Maven\localWarehouse\net\bytebuddy\byte-buddy-agent\1.10.6\byte-buddy-agent-1.10.6.jar;D:\Maven\localWarehouse\org\objenesis\objenesis\2.6\objenesis-2.6.jar;D:\Maven\localWarehouse\org\skyscreamer\jsonassert\1.5.0\jsonassert-1.5.0.jar;D:\Maven\localWarehouse\com\vaadin\external\google\android-json\0.0.20131108.vaadin1\android-json-0.0.20131108.vaadin1.jar;D:\Maven\localWarehouse\org\springframework\spring-core\5.2.3.RELEASE\spring-core-5.2.3.RELEASE.jar;D:\Maven\localWarehouse\org\springframework\spring-jcl\5.2.3.RELEASE\spring-jcl-5.2.3.RELEASE.jar;D:\Maven\localWarehouse\org\springframework\spring-test\5.2.3.RELEASE\spring-test-5.2.3.RELEASE.jar;D:\Maven\localWarehouse\org\xmlunit\xmlunit-core\2.6.3\xmlunit-core-2.6.3.jar;D:\Maven\localWarehouse\org\springframework\boot\spring-boot-starter-data-jpa\2.2.4.RELEASE\spring-boot-starter-data-jpa-2.2.4.RELEASE.jar;D:\Maven\localWarehouse\org\springframework\boot\spring-boot-starter-aop\2.2.4.RELEASE\spring-boot-starter-aop-2.2.4.RELEASE.jar;D:\Maven\localWarehouse\org\aspectj\aspectjweaver\1.9.5\aspectjweaver-1.9.5.jar;D:\Maven\localWarehouse\org\springframework\boot\spring-boot-starter-jdbc\2.2.4.RELEASE\spring-boot-starter-jdbc-2.2.4.RELEASE.jar;D:\Maven\localWarehouse\com\zaxxer\HikariCP\3.4.2\HikariCP-3.4.2.jar;D:\Maven\localWarehouse\org\springframework\spring-jdbc\5.2.3.RELEASE\spring-jdbc-5.2.3.RELEASE.jar;D:\Maven\localWarehouse\jakarta\activation\jakarta.activation-api\1.2.1\jakarta.activation-api-1.2.1.jar;D:\Maven\localWarehouse\jakarta\persistence\jakarta.persistence-api\2.2.3\jakarta.persistence-api-2.2.3.jar;D:\Maven\localWarehouse\jakarta\transaction\jakarta.transaction-api\1.3.3\jakarta.transaction-api-1.3.3.jar;D:\Maven\localWarehouse\org\hibernate\hibernate-core\5.4.10.Final\hibernate-core-5.4.10.Final.jar;D:\Maven\localWarehouse\org\jboss\logging\jboss-logging\3.4.1.Final\jboss-logging-3.4.1.Final.jar;D:\Maven\localWarehouse\org\javassist\javassist\3.24.0-GA\javassist-3.24.0-GA.jar;D:\Maven\localWarehouse\antlr\antlr\2.7.7\antlr-2.7.7.jar;D:\Maven\localWarehouse\org\jboss\jandex\2.1.1.Final\jandex-2.1.1.Final.jar;D:\Maven\localWarehouse\com\fasterxml\classmate\1.5.1\classmate-1.5.1.jar;D:\Maven\localWarehouse\org\dom4j\dom4j\2.1.1\dom4j-2.1.1.jar;D:\Maven\localWarehouse\org\hibernate\common\hibernate-commons-annotations\5.1.0.Final\hibernate-commons-annotations-5.1.0.Final.jar;D:\Maven\localWarehouse\org\glassfish\jaxb\jaxb-runtime\2.3.2\jaxb-runtime-2.3.2.jar;D:\Maven\localWarehouse\org\glassfish\jaxb\txw2\2.3.2\txw2-2.3.2.jar;D:\Maven\localWarehouse\com\sun\istack\istack-commons-runtime\3.0.8\istack-commons-runtime-3.0.8.jar;D:\Maven\localWarehouse\com\sun\xml\fastinfoset\FastInfoset\1.2.16\FastInfoset-1.2.16.jar;D:\Maven\localWarehouse\org\springframework\data\spring-data-jpa\2.2.4.RELEASE\spring-data-jpa-2.2.4.RELEASE.jar;D:\Maven\localWarehouse\org\springframework\data\spring-data-commons\2.2.4.RELEASE\spring-data-commons-2.2.4.RELEASE.jar;D:\Maven\localWarehouse\org\springframework\spring-orm\5.2.3.RELEASE\spring-orm-5.2.3.RELEASE.jar;D:\Maven\localWarehouse\org\springframework\spring-tx\5.2.3.RELEASE\spring-tx-5.2.3.RELEASE.jar;D:\Maven\localWarehouse\org\springframework\spring-aspects\5.2.3.RELEASE\spring-aspects-5.2.3.RELEASE.jar;D:\Maven\localWarehouse\mysql\mysql-connector-java\5.1.45\mysql-connector-java-5.1.45.jar;"/>
    <property name="java.vm.vendor" value="Oracle Corporation"/>
    <property name="sun.arch.data.model" value="64"/>
    <property name="user.variant" value=""/>
    <property name="java.vendor.url" value="https://java.oracle.com/"/>
    <property name="user.timezone" value="America/New_York"/>
    <property name="os.name" value="Windows 10"/>
    <property name="java.vm.specification.version" value="13"/>
    <property name="sun.java.launcher" value="SUN_STANDARD"/>
    <property name="user.country" value="US"/>
    <property name="sun.boot.library.path" value="D:\Java\jdk-13.0.1\bin"/>
    <property name="sun.java.command" value="C:\Users\yifan\AppData\Local\Temp\surefire11620573739849971747\surefirebooter7459787178974066373.jar C:\Users\yifan\AppData\Local\Temp\surefire11620573739849971747 2020-02-08T13-53-10_062-jvmRun1 surefire11391522152651602420tmp surefire_010711650378951752244tmp"/>
    <property name="jdk.debug" value="release"/>
    <property name="surefire.test.class.path" value="D:\Idea\DatabaseWarehouse\cs5200-spring2020-bao\target\test-classes;D:\Idea\DatabaseWarehouse\cs5200-spring2020-bao\target\classes;D:\Maven\localWarehouse\org\springframework\boot\spring-boot-starter-web\2.2.4.RELEASE\spring-boot-starter-web-2.2.4.RELEASE.jar;D:\Maven\localWarehouse\org\springframework\boot\spring-boot-starter\2.2.4.RELEASE\spring-boot-starter-2.2.4.RELEASE.jar;D:\Maven\localWarehouse\org\springframework\boot\spring-boot\2.2.4.RELEASE\spring-boot-2.2.4.RELEASE.jar;D:\Maven\localWarehouse\org\springframework\boot\spring-boot-autoconfigure\2.2.4.RELEASE\spring-boot-autoconfigure-2.2.4.RELEASE.jar;D:\Maven\localWarehouse\org\springframework\boot\spring-boot-starter-logging\2.2.4.RELEASE\spring-boot-starter-logging-2.2.4.RELEASE.jar;D:\Maven\localWarehouse\ch\qos\logback\logback-classic\1.2.3\logback-classic-1.2.3.jar;D:\Maven\localWarehouse\ch\qos\logback\logback-core\1.2.3\logback-core-1.2.3.jar;D:\Maven\localWarehouse\org\apache\logging\log4j\log4j-to-slf4j\2.12.1\log4j-to-slf4j-2.12.1.jar;D:\Maven\localWarehouse\org\apache\logging\log4j\log4j-api\2.12.1\log4j-api-2.12.1.jar;D:\Maven\localWarehouse\org\slf4j\jul-to-slf4j\1.7.30\jul-to-slf4j-1.7.30.jar;D:\Maven\localWarehouse\org\yaml\snakeyaml\1.25\snakeyaml-1.25.jar;D:\Maven\localWarehouse\org\springframework\boot\spring-boot-starter-json\2.2.4.RELEASE\spring-boot-starter-json-2.2.4.RELEASE.jar;D:\Maven\localWarehouse\com\fasterxml\jackson\core\jackson-databind\2.10.2\jackson-databind-2.10.2.jar;D:\Maven\localWarehouse\com\fasterxml\jackson\core\jackson-annotations\2.10.2\jackson-annotations-2.10.2.jar;D:\Maven\localWarehouse\com\fasterxml\jackson\core\jackson-core\2.10.2\jackson-core-2.10.2.jar;D:\Maven\localWarehouse\com\fasterxml\jackson\datatype\jackson-datatype-jdk8\2.10.2\jackson-datatype-jdk8-2.10.2.jar;D:\Maven\localWarehouse\com\fasterxml\jackson\datatype\jackson-datatype-jsr310\2.10.2\jackson-datatype-jsr310-2.10.2.jar;D:\Maven\localWarehouse\com\fasterxml\jackson\module\jackson-module-parameter-names\2.10.2\jackson-module-parameter-names-2.10.2.jar;D:\Maven\localWarehouse\org\springframework\boot\spring-boot-starter-validation\2.2.4.RELEASE\spring-boot-starter-validation-2.2.4.RELEASE.jar;D:\Maven\localWarehouse\jakarta\validation\jakarta.validation-api\2.0.2\jakarta.validation-api-2.0.2.jar;D:\Maven\localWarehouse\org\hibernate\validator\hibernate-validator\6.0.18.Final\hibernate-validator-6.0.18.Final.jar;D:\Maven\localWarehouse\org\springframework\spring-web\5.2.3.RELEASE\spring-web-5.2.3.RELEASE.jar;D:\Maven\localWarehouse\org\springframework\spring-beans\5.2.3.RELEASE\spring-beans-5.2.3.RELEASE.jar;D:\Maven\localWarehouse\org\springframework\spring-webmvc\5.2.3.RELEASE\spring-webmvc-5.2.3.RELEASE.jar;D:\Maven\localWarehouse\org\springframework\spring-aop\5.2.3.RELEASE\spring-aop-5.2.3.RELEASE.jar;D:\Maven\localWarehouse\org\springframework\spring-context\5.2.3.RELEASE\spring-context-5.2.3.RELEASE.jar;D:\Maven\localWarehouse\org\springframework\spring-expression\5.2.3.RELEASE\spring-expression-5.2.3.RELEASE.jar;D:\Maven\localWarehouse\org\springframework\boot\spring-boot-starter-web-services\2.2.4.RELEASE\spring-boot-starter-web-services-2.2.4.RELEASE.jar;D:\Maven\localWarehouse\com\sun\xml\messaging\saaj\saaj-impl\1.5.1\saaj-impl-1.5.1.jar;D:\Maven\localWarehouse\jakarta\xml\soap\jakarta.xml.soap-api\1.4.1\jakarta.xml.soap-api-1.4.1.jar;D:\Maven\localWarehouse\org\jvnet\mimepull\mimepull\1.9.12\mimepull-1.9.12.jar;D:\Maven\localWarehouse\org\jvnet\staxex\stax-ex\1.8.1\stax-ex-1.8.1.jar;D:\Maven\localWarehouse\jakarta\xml\ws\jakarta.xml.ws-api\2.3.2\jakarta.xml.ws-api-2.3.2.jar;D:\Maven\localWarehouse\jakarta\jws\jakarta.jws-api\1.1.1\jakarta.jws-api-1.1.1.jar;D:\Maven\localWarehouse\org\springframework\spring-oxm\5.2.3.RELEASE\spring-oxm-5.2.3.RELEASE.jar;D:\Maven\localWarehouse\org\springframework\ws\spring-ws-core\3.0.8.RELEASE\spring-ws-core-3.0.8.RELEASE.jar;D:\Maven\localWarehouse\org\springframework\ws\spring-xml\3.0.8.RELEASE\spring-xml-3.0.8.RELEASE.jar;D:\Maven\localWarehouse\org\springframework\boot\spring-boot-starter-thymeleaf\2.2.4.RELEASE\spring-boot-starter-thymeleaf-2.2.4.RELEASE.jar;D:\Maven\localWarehouse\org\thymeleaf\thymeleaf-spring5\3.0.11.RELEASE\thymeleaf-spring5-3.0.11.RELEASE.jar;D:\Maven\localWarehouse\org\thymeleaf\thymeleaf\3.0.11.RELEASE\thymeleaf-3.0.11.RELEASE.jar;D:\Maven\localWarehouse\org\attoparser\attoparser\2.0.5.RELEASE\attoparser-2.0.5.RELEASE.jar;D:\Maven\localWarehouse\org\unbescape\unbescape\1.1.6.RELEASE\unbescape-1.1.6.RELEASE.jar;D:\Maven\localWarehouse\org\slf4j\slf4j-api\1.7.30\slf4j-api-1.7.30.jar;D:\Maven\localWarehouse\org\thymeleaf\extras\thymeleaf-extras-java8time\3.0.4.RELEASE\thymeleaf-extras-java8time-3.0.4.RELEASE.jar;D:\Maven\localWarehouse\org\springframework\boot\spring-boot-starter-tomcat\2.2.4.RELEASE\spring-boot-starter-tomcat-2.2.4.RELEASE.jar;D:\Maven\localWarehouse\jakarta\annotation\jakarta.annotation-api\1.3.5\jakarta.annotation-api-1.3.5.jar;D:\Maven\localWarehouse\org\apache\tomcat\embed\tomcat-embed-core\9.0.30\tomcat-embed-core-9.0.30.jar;D:\Maven\localWarehouse\org\apache\tomcat\embed\tomcat-embed-el\9.0.30\tomcat-embed-el-9.0.30.jar;D:\Maven\localWarehouse\org\apache\tomcat\embed\tomcat-embed-websocket\9.0.30\tomcat-embed-websocket-9.0.30.jar;D:\Maven\localWarehouse\org\springframework\boot\spring-boot-starter-test\2.2.4.RELEASE\spring-boot-starter-test-2.2.4.RELEASE.jar;D:\Maven\localWarehouse\org\springframework\boot\spring-boot-test\2.2.4.RELEASE\spring-boot-test-2.2.4.RELEASE.jar;D:\Maven\localWarehouse\org\springframework\boot\spring-boot-test-autoconfigure\2.2.4.RELEASE\spring-boot-test-autoconfigure-2.2.4.RELEASE.jar;D:\Maven\localWarehouse\com\jayway\jsonpath\json-path\2.4.0\json-path-2.4.0.jar;D:\Maven\localWarehouse\net\minidev\json-smart\2.3\json-smart-2.3.jar;D:\Maven\localWarehouse\net\minidev\accessors-smart\1.2\accessors-smart-1.2.jar;D:\Maven\localWarehouse\org\ow2\asm\asm\5.0.4\asm-5.0.4.jar;D:\Maven\localWarehouse\jakarta\xml\bind\jakarta.xml.bind-api\2.3.2\jakarta.xml.bind-api-2.3.2.jar;D:\Maven\localWarehouse\org\junit\jupiter\junit-jupiter\5.5.2\junit-jupiter-5.5.2.jar;D:\Maven\localWarehouse\org\junit\jupiter\junit-jupiter-api\5.5.2\junit-jupiter-api-5.5.2.jar;D:\Maven\localWarehouse\org\apiguardian\apiguardian-api\1.1.0\apiguardian-api-1.1.0.jar;D:\Maven\localWarehouse\org\opentest4j\opentest4j\1.2.0\opentest4j-1.2.0.jar;D:\Maven\localWarehouse\org\junit\platform\junit-platform-commons\1.5.2\junit-platform-commons-1.5.2.jar;D:\Maven\localWarehouse\org\junit\jupiter\junit-jupiter-params\5.5.2\junit-jupiter-params-5.5.2.jar;D:\Maven\localWarehouse\org\junit\jupiter\junit-jupiter-engine\5.5.2\junit-jupiter-engine-5.5.2.jar;D:\Maven\localWarehouse\org\junit\platform\junit-platform-engine\1.5.2\junit-platform-engine-1.5.2.jar;D:\Maven\localWarehouse\org\mockito\mockito-junit-jupiter\3.1.0\mockito-junit-jupiter-3.1.0.jar;D:\Maven\localWarehouse\org\assertj\assertj-core\3.13.2\assertj-core-3.13.2.jar;D:\Maven\localWarehouse\org\hamcrest\hamcrest\2.1\hamcrest-2.1.jar;D:\Maven\localWarehouse\org\mockito\mockito-core\3.1.0\mockito-core-3.1.0.jar;D:\Maven\localWarehouse\net\bytebuddy\byte-buddy\1.10.6\byte-buddy-1.10.6.jar;D:\Maven\localWarehouse\net\bytebuddy\byte-buddy-agent\1.10.6\byte-buddy-agent-1.10.6.jar;D:\Maven\localWarehouse\org\objenesis\objenesis\2.6\objenesis-2.6.jar;D:\Maven\localWarehouse\org\skyscreamer\jsonassert\1.5.0\jsonassert-1.5.0.jar;D:\Maven\localWarehouse\com\vaadin\external\google\android-json\0.0.20131108.vaadin1\android-json-0.0.20131108.vaadin1.jar;D:\Maven\localWarehouse\org\springframework\spring-core\5.2.3.RELEASE\spring-core-5.2.3.RELEASE.jar;D:\Maven\localWarehouse\org\springframework\spring-jcl\5.2.3.RELEASE\spring-jcl-5.2.3.RELEASE.jar;D:\Maven\localWarehouse\org\springframework\spring-test\5.2.3.RELEASE\spring-test-5.2.3.RELEASE.jar;D:\Maven\localWarehouse\org\xmlunit\xmlunit-core\2.6.3\xmlunit-core-2.6.3.jar;D:\Maven\localWarehouse\org\springframework\boot\spring-boot-starter-data-jpa\2.2.4.RELEASE\spring-boot-starter-data-jpa-2.2.4.RELEASE.jar;D:\Maven\localWarehouse\org\springframework\boot\spring-boot-starter-aop\2.2.4.RELEASE\spring-boot-starter-aop-2.2.4.RELEASE.jar;D:\Maven\localWarehouse\org\aspectj\aspectjweaver\1.9.5\aspectjweaver-1.9.5.jar;D:\Maven\localWarehouse\org\springframework\boot\spring-boot-starter-jdbc\2.2.4.RELEASE\spring-boot-starter-jdbc-2.2.4.RELEASE.jar;D:\Maven\localWarehouse\com\zaxxer\HikariCP\3.4.2\HikariCP-3.4.2.jar;D:\Maven\localWarehouse\org\springframework\spring-jdbc\5.2.3.RELEASE\spring-jdbc-5.2.3.RELEASE.jar;D:\Maven\localWarehouse\jakarta\activation\jakarta.activation-api\1.2.1\jakarta.activation-api-1.2.1.jar;D:\Maven\localWarehouse\jakarta\persistence\jakarta.persistence-api\2.2.3\jakarta.persistence-api-2.2.3.jar;D:\Maven\localWarehouse\jakarta\transaction\jakarta.transaction-api\1.3.3\jakarta.transaction-api-1.3.3.jar;D:\Maven\localWarehouse\org\hibernate\hibernate-core\5.4.10.Final\hibernate-core-5.4.10.Final.jar;D:\Maven\localWarehouse\org\jboss\logging\jboss-logging\3.4.1.Final\jboss-logging-3.4.1.Final.jar;D:\Maven\localWarehouse\org\javassist\javassist\3.24.0-GA\javassist-3.24.0-GA.jar;D:\Maven\localWarehouse\antlr\antlr\2.7.7\antlr-2.7.7.jar;D:\Maven\localWarehouse\org\jboss\jandex\2.1.1.Final\jandex-2.1.1.Final.jar;D:\Maven\localWarehouse\com\fasterxml\classmate\1.5.1\classmate-1.5.1.jar;D:\Maven\localWarehouse\org\dom4j\dom4j\2.1.1\dom4j-2.1.1.jar;D:\Maven\localWarehouse\org\hibernate\common\hibernate-commons-annotations\5.1.0.Final\hibernate-commons-annotations-5.1.0.Final.jar;D:\Maven\localWarehouse\org\glassfish\jaxb\jaxb-runtime\2.3.2\jaxb-runtime-2.3.2.jar;D:\Maven\localWarehouse\org\glassfish\jaxb\txw2\2.3.2\txw2-2.3.2.jar;D:\Maven\localWarehouse\com\sun\istack\istack-commons-runtime\3.0.8\istack-commons-runtime-3.0.8.jar;D:\Maven\localWarehouse\com\sun\xml\fastinfoset\FastInfoset\1.2.16\FastInfoset-1.2.16.jar;D:\Maven\localWarehouse\org\springframework\data\spring-data-jpa\2.2.4.RELEASE\spring-data-jpa-2.2.4.RELEASE.jar;D:\Maven\localWarehouse\org\springframework\data\spring-data-commons\2.2.4.RELEASE\spring-data-commons-2.2.4.RELEASE.jar;D:\Maven\localWarehouse\org\springframework\spring-orm\5.2.3.RELEASE\spring-orm-5.2.3.RELEASE.jar;D:\Maven\localWarehouse\org\springframework\spring-tx\5.2.3.RELEASE\spring-tx-5.2.3.RELEASE.jar;D:\Maven\localWarehouse\org\springframework\spring-aspects\5.2.3.RELEASE\spring-aspects-5.2.3.RELEASE.jar;D:\Maven\localWarehouse\mysql\mysql-connector-java\5.1.45\mysql-connector-java-5.1.45.jar;"/>
    <property name="sun.cpu.endian" value="little"/>
    <property name="user.home" value="C:\Users\yifan"/>
    <property name="user.language" value="en"/>
    <property name="java.specification.vendor" value="Oracle Corporation"/>
    <property name="java.version.date" value="2019-10-15"/>
    <property name="java.home" value="D:\Java\jdk-13.0.1"/>
    <property name="file.separator" value="\"/>
    <property name="basedir" value="D:\Idea\DatabaseWarehouse\cs5200-spring2020-bao"/>
    <property name="java.vm.compressedOopsMode" value="32-bit"/>
    <property name="line.separator" value="&#10;"/>
    <property name="java.vm.specification.vendor" value="Oracle Corporation"/>
    <property name="java.specification.name" value="Java Platform API Specification"/>
    <property name="surefire.real.class.path" value="C:\Users\yifan\AppData\Local\Temp\surefire11620573739849971747\surefirebooter7459787178974066373.jar"/>
    <property name="user.script" value=""/>
    <property name="sun.management.compiler" value="HotSpot 64-Bit Tiered Compilers"/>
    <property name="java.runtime.version" value="13.0.1+9"/>
    <property name="user.name" value="yifan"/>
    <property name="path.separator" value=";"/>
    <property name="os.version" value="10.0"/>
    <property name="java.runtime.name" value="Java(TM) SE Runtime Environment"/>
    <property name="file.encoding" value="Cp1252"/>
    <property name="java.vm.name" value="Java HotSpot(TM) 64-Bit Server VM"/>
    <property name="localRepository" value="D:\Maven\localWarehouse"/>
    <property name="java.vendor.url.bug" value="https://bugreport.java.com/bugreport/"/>
    <property name="java.io.tmpdir" value="C:\Users\yifan\AppData\Local\Temp\"/>
    <property name="java.version" value="13.0.1"/>
    <property name="user.dir" value="D:\Idea\DatabaseWarehouse\cs5200-spring2020-bao"/>
    <property name="os.arch" value="amd64"/>
    <property name="java.vm.specification.name" value="Java Virtual Machine Specification"/>
    <property name="sun.os.patch.level" value=""/>
    <property name="java.library.path" value="D:\Java\jdk-13.0.1\bin;C:\WINDOWS\Sun\Java\bin;C:\WINDOWS\system32;C:\WINDOWS;C:\WINDOWS\system32;C:\WINDOWS;C:\WINDOWS\System32\Wbem;C:\WINDOWS\System32\WindowsPowerShell\v1.0\;C:\WINDOWS\System32\OpenSSH\;D:\Java\jdk-13.0.1\bin;C:\Program Files\Intel\WiFi\bin\;C:\Program Files\Common Files\Intel\WirelessCommon\;C:\Program Files (x86)\Intel\Intel(R) Management Engine Components\DAL;C:\Program Files\Intel\Intel(R) Management Engine Components\DAL;D:\MySQL\mysql-5.6.46-winx64\bin;D:\Maven\apache-maven-3.6.3\bin;D:\Maven\apache-maven-3.6.3\bin;D:\Git\Git\cmd;C:\Users\yifan\AppData\Local\Microsoft\WindowsApps;C:\Users\yifan\AppData\Local\GitHubDesktop\bin;."/>
    <property name="java.vm.info" value="mixed mode, sharing"/>
    <property name="java.vendor" value="Oracle Corporation"/>
    <property name="java.vm.version" value="13.0.1+9"/>
    <property name="sun.io.unicode.encoding" value="UnicodeLittle"/>
    <property name="java.class.version" value="57.0"/>
  </properties>
  <testcase name="contextLoads" classname="edu.northeastern.cs5200.Cs5200Spring2020BaoApplicationTests" time="0.314"/>
</testsuite>